<?xml version="1.0" encoding="UTF-8"?>
<testsuites name="all-kbb" time="487.603" tests="15" failures="2" errors="0">
   <testsuite name="all-kbb" tests="15" failures="2" errors="0" time="487.603" skipped="0" timestamp="28-05-2024T20:42:32" hostname="PC - DESKTOP-EVNNDTO" id="Test Suites/KBB/all-kbb">
      <properties>
         <property name="deviceName" value=""/>
         <property name="devicePlatform" value=""/>
         <property name="logFolder" value="C:\\Users\\PC\\git\\katalon-first-project\\Reports\\20240528_204225\\KBB\\all-kbb\\20240528_204226"/>
         <property name="logFiles" value="C:\\Users\\PC\\git\\katalon-first-project\\Reports\\20240528_204225\\KBB\\all-kbb\\20240528_204226\\execution0.log"/>
         <property name="attachments" value="C:\\Users\\PC\\git\\katalon-first-project\\Reports\\20240528_204225\\KBB\\all-kbb\\20240528_204226\\1716903927384.png, C:\\Users\\PC\\git\\katalon-first-project\\Reports\\20240528_204225\\KBB\\all-kbb\\20240528_204226\\1716903927539.png, C:\\Users\\PC\\git\\katalon-first-project\\Reports\\20240528_204225\\KBB\\all-kbb\\20240528_204226\\1716903995053.png, C:\\Users\\PC\\git\\katalon-first-project\\Reports\\20240528_204225\\KBB\\all-kbb\\20240528_204226\\1716903995192.png, C:\\Users\\PC\\git\\katalon-first-project\\Reports\\20240528_204225\\KBB\\all-kbb\\20240528_204226\\1716904062638.png, C:\\Users\\PC\\git\\katalon-first-project\\Reports\\20240528_204225\\KBB\\all-kbb\\20240528_204226\\1716904062797.png, C:\\Users\\PC\\git\\katalon-first-project\\Reports\\20240528_204225\\KBB\\all-kbb\\20240528_204226\\1716904130717.png, C:\\Users\\PC\\git\\katalon-first-project\\Reports\\20240528_204225\\KBB\\all-kbb\\20240528_204226\\1716904130846.png, C:\\Users\\PC\\git\\katalon-first-project\\Reports\\20240528_204225\\KBB\\all-kbb\\20240528_204226\\1716904195909.png, C:\\Users\\PC\\git\\katalon-first-project\\Reports\\20240528_204225\\KBB\\all-kbb\\20240528_204226\\1716904196028.png, C:\\Users\\PC\\git\\katalon-first-project\\Reports\\20240528_204225\\KBB\\all-kbb\\20240528_204226\\1716904205316.png, C:\\Users\\PC\\git\\katalon-first-project\\Reports\\20240528_204225\\KBB\\all-kbb\\20240528_204226\\1716904205462.png, C:\\Users\\PC\\git\\katalon-first-project\\Reports\\20240528_204225\\KBB\\all-kbb\\20240528_204226\\1716904213399.png, C:\\Users\\PC\\git\\katalon-first-project\\Reports\\20240528_204225\\KBB\\all-kbb\\20240528_204226\\1716904213514.png, C:\\Users\\PC\\git\\katalon-first-project\\Reports\\20240528_204225\\KBB\\all-kbb\\20240528_204226\\1716904224458.png, C:\\Users\\PC\\git\\katalon-first-project\\Reports\\20240528_204225\\KBB\\all-kbb\\20240528_204226\\1716904224716.png"/>
         <property name="hostName" value="PC - DESKTOP-EVNNDTO"/>
         <property name="os" value="Windows 11 64bit"/>
         <property name="katalonVersion" value="9.4.0.212"/>
         <property name="browser" value="Chrome 125.0.0.0"/>
         <property name="hostAddress" value="192.168.1.156"/>
         <property name="sessionId" value="e72445821000c511fd8b3ba3134e03f5"/>
         <property name="seleniumVersion" value="3.141.59"/>
         <property name="proxyInformation" value="ProxyInformation { proxyOption=NO_PROXY, proxyServerType=HTTP, username=, password=********, proxyServerAddress=, proxyServerPort=0, executionList=&quot;&quot;, isApplyToDesiredCapabilities=true }"/>
         <property name="platform" value="Windows 11"/>
      </properties>
      <testcase name="Test Cases/KBB/check-connections" time="15.892" classname="Test Cases/KBB/check-connections" status="PASSED">
         <system-out><![CDATA[28-05-2024T20:42:32 - [TEST_CASE][PASSED] - Test Cases/KBB/check-connections: Test Cases/KBB/check-connections

28-05-2024T20:42:32 - [TEST_STEP][PASSED] - openBrowser(""): Browser is opened with url: ''

28-05-2024T20:42:32 - [MESSAGE][INFO] - Starting 'Chrome' driver

28-05-2024T20:42:32 - [MESSAGE][INFO] - Action delay is set to 0 milliseconds

28-05-2024T20:42:34 - [MESSAGE][PASSED] - Browser is opened with url: ''

28-05-2024T20:42:34 - [TEST_STEP][PASSED] - navigateToUrl("https://www.kbb.com/"): Navigate to 'https://www.kbb.com/' successfully

28-05-2024T20:42:45 - [MESSAGE][PASSED] - Navigate to 'https://www.kbb.com/' successfully

28-05-2024T20:42:45 - [TEST_STEP][PASSED] - scrollToPosition(0, 0): Browser is scrolled to position x = 0, y = 0

28-05-2024T20:42:45 - [MESSAGE][PASSED] - Browser is scrolled to position x = 0, y = 0

28-05-2024T20:42:45 - [TEST_STEP][PASSED] - verifyElementVisible(findTestObject("Object Repository/Page_Kelley Blue Book  New and Used Car Pri_e90311/div_FacebookTwitterRSSLinkedInYouTube 1995-_981592")): Object 'Object Repository/Page_Kelley Blue Book  New and Used Car Pri_e90311/div_FacebookTwitterRSSLinkedInYouTube 1995-_981592' is visible

28-05-2024T20:42:48 - [MESSAGE][PASSED] - Object 'Object Repository/Page_Kelley Blue Book  New and Used Car Pri_e90311/div_FacebookTwitterRSSLinkedInYouTube 1995-_981592' is visible

28-05-2024T20:42:48 - [TEST_STEP][PASSED] - closeBrowser(): Browser is closed

28-05-2024T20:42:48 - [MESSAGE][PASSED] - Browser is closed]]></system-out>
         <system-err><![CDATA[]]></system-err>
      </testcase>
      <testcase name="Test Cases/KBB/check_button_3" time="11.041" classname="Test Cases/KBB/check_button_3" status="PASSED">
         <system-out><![CDATA[28-05-2024T20:42:48 - [TEST_CASE][PASSED] - Test Cases/KBB/check_button_3: Test Cases/KBB/check_button_3

28-05-2024T20:42:48 - [TEST_STEP][PASSED] - openBrowser(""): Browser is opened with url: ''

28-05-2024T20:42:48 - [MESSAGE][INFO] - Starting 'Chrome' driver

28-05-2024T20:42:48 - [MESSAGE][INFO] - Action delay is set to 0 milliseconds

28-05-2024T20:42:49 - [MESSAGE][PASSED] - Browser is opened with url: ''

28-05-2024T20:42:49 - [TEST_STEP][PASSED] - navigateToUrl("https://www.kbb.com/"): Navigate to 'https://www.kbb.com/' successfully

28-05-2024T20:42:56 - [MESSAGE][PASSED] - Navigate to 'https://www.kbb.com/' successfully

28-05-2024T20:42:56 - [TEST_STEP][PASSED] - verifyElementText(findTestObject("Object Repository/KBB/Page_Kelley Blue Book  New and Used Car Pri_e90311/h2_Shop Best Cars"), "Shop Best Cars"): Actual text and expected text of test object 'Object Repository/KBB/Page_Kelley Blue Book  New and Used Car Pri_e90311/h2_Shop Best Cars' are matched.

28-05-2024T20:42:59 - [MESSAGE][PASSED] - Actual text and expected text of test object 'Object Repository/KBB/Page_Kelley Blue Book  New and Used Car Pri_e90311/h2_Shop Best Cars' are matched.

28-05-2024T20:42:59 - [TEST_STEP][PASSED] - closeBrowser(): Browser is closed

28-05-2024T20:42:59 - [MESSAGE][PASSED] - Browser is closed]]></system-out>
         <system-err><![CDATA[]]></system-err>
      </testcase>
      <testcase name="Test Cases/KBB/click-about-us" time="11.115" classname="Test Cases/KBB/click-about-us" status="PASSED">
         <system-out><![CDATA[28-05-2024T20:42:59 - [TEST_CASE][PASSED] - Test Cases/KBB/click-about-us: Test Cases/KBB/click-about-us

28-05-2024T20:42:59 - [TEST_STEP][PASSED] - openBrowser(""): Browser is opened with url: ''

28-05-2024T20:42:59 - [MESSAGE][INFO] - Starting 'Chrome' driver

28-05-2024T20:42:59 - [MESSAGE][INFO] - Action delay is set to 0 milliseconds

28-05-2024T20:43:00 - [MESSAGE][PASSED] - Browser is opened with url: ''

28-05-2024T20:43:00 - [TEST_STEP][PASSED] - navigateToUrl("https://www.kbb.com/"): Navigate to 'https://www.kbb.com/' successfully

28-05-2024T20:43:07 - [MESSAGE][PASSED] - Navigate to 'https://www.kbb.com/' successfully

28-05-2024T20:43:07 - [TEST_STEP][PASSED] - scrollToPosition(9999999, 9999999): Browser is scrolled to position x = 9999999, y = 9999999

28-05-2024T20:43:07 - [MESSAGE][PASSED] - Browser is scrolled to position x = 9999999, y = 9999999

28-05-2024T20:43:07 - [TEST_STEP][PASSED] - click(findTestObject("Object Repository/Page_Kelley Blue Book  New and Used Car Pri_e90311/a_About Us")): Object: 'Object Repository/Page_Kelley Blue Book  New and Used Car Pri_e90311/a_About Us' is clicked on

28-05-2024T20:43:10 - [MESSAGE][PASSED] - Object: 'Object Repository/Page_Kelley Blue Book  New and Used Car Pri_e90311/a_About Us' is clicked on

28-05-2024T20:43:10 - [TEST_STEP][PASSED] - closeBrowser(): Browser is closed

28-05-2024T20:43:10 - [MESSAGE][PASSED] - Browser is closed]]></system-out>
         <system-err><![CDATA[]]></system-err>
      </testcase>
      <testcase name="Test Cases/KBB/click-careers" time="9.726" classname="Test Cases/KBB/click-careers" status="PASSED">
         <system-out><![CDATA[28-05-2024T20:43:10 - [TEST_CASE][PASSED] - Test Cases/KBB/click-careers: Test Cases/KBB/click-careers

28-05-2024T20:43:10 - [TEST_STEP][PASSED] - openBrowser(""): Browser is opened with url: ''

28-05-2024T20:43:10 - [MESSAGE][INFO] - Starting 'Chrome' driver

28-05-2024T20:43:10 - [MESSAGE][INFO] - Action delay is set to 0 milliseconds

28-05-2024T20:43:11 - [MESSAGE][PASSED] - Browser is opened with url: ''

28-05-2024T20:43:11 - [TEST_STEP][PASSED] - navigateToUrl("https://www.kbb.com/"): Navigate to 'https://www.kbb.com/' successfully

28-05-2024T20:43:17 - [MESSAGE][PASSED] - Navigate to 'https://www.kbb.com/' successfully

28-05-2024T20:43:17 - [TEST_STEP][PASSED] - scrollToPosition(9999999, 9999999): Browser is scrolled to position x = 9999999, y = 9999999

28-05-2024T20:43:17 - [MESSAGE][PASSED] - Browser is scrolled to position x = 9999999, y = 9999999

28-05-2024T20:43:17 - [TEST_STEP][PASSED] - click(findTestObject("Object Repository/Page_Kelley Blue Book  New and Used Car Pri_e90311/a_Do Not Sell My Personal Information")): Object: 'Object Repository/Page_Kelley Blue Book  New and Used Car Pri_e90311/a_Do Not Sell My Personal Information' is clicked on

28-05-2024T20:43:20 - [MESSAGE][PASSED] - Object: 'Object Repository/Page_Kelley Blue Book  New and Used Car Pri_e90311/a_Do Not Sell My Personal Information' is clicked on

28-05-2024T20:43:20 - [TEST_STEP][PASSED] - closeBrowser(): Browser is closed

28-05-2024T20:43:20 - [MESSAGE][PASSED] - Browser is closed]]></system-out>
         <system-err><![CDATA[]]></system-err>
      </testcase>
      <testcase name="Test Cases/KBB/click-privacy" time="21.214" classname="Test Cases/KBB/click-privacy" status="PASSED">
         <system-out><![CDATA[28-05-2024T20:43:20 - [TEST_CASE][PASSED] - Test Cases/KBB/click-privacy: Test Cases/KBB/click-privacy

28-05-2024T20:43:20 - [TEST_STEP][PASSED] - openBrowser(""): Browser is opened with url: ''

28-05-2024T20:43:20 - [MESSAGE][INFO] - Starting 'Chrome' driver

28-05-2024T20:43:20 - [MESSAGE][INFO] - Action delay is set to 0 milliseconds

28-05-2024T20:43:21 - [MESSAGE][PASSED] - Browser is opened with url: ''

28-05-2024T20:43:21 - [TEST_STEP][PASSED] - navigateToUrl("https://www.kbb.com/"): Navigate to 'https://www.kbb.com/' successfully

28-05-2024T20:43:34 - [MESSAGE][PASSED] - Navigate to 'https://www.kbb.com/' successfully

28-05-2024T20:43:34 - [TEST_STEP][PASSED] - scrollToPosition(0, 0): Browser is scrolled to position x = 0, y = 0

28-05-2024T20:43:34 - [MESSAGE][PASSED] - Browser is scrolled to position x = 0, y = 0

28-05-2024T20:43:34 - [TEST_STEP][PASSED] - click(findTestObject("Object Repository/Page_Kelley Blue Book  New and Used Car Pri_e90311/a_Do Not Process My Sensitive Information")): Object: 'Object Repository/Page_Kelley Blue Book  New and Used Car Pri_e90311/a_Do Not Process My Sensitive Information' is clicked on

28-05-2024T20:43:41 - [MESSAGE][PASSED] - Object: 'Object Repository/Page_Kelley Blue Book  New and Used Car Pri_e90311/a_Do Not Process My Sensitive Information' is clicked on

28-05-2024T20:43:41 - [TEST_STEP][PASSED] - closeBrowser(): Browser is closed

28-05-2024T20:43:41 - [MESSAGE][PASSED] - Browser is closed]]></system-out>
         <system-err><![CDATA[]]></system-err>
      </testcase>
      <testcase name="Test Cases/KBB/test-copyright" time="9.033" classname="Test Cases/KBB/test-copyright" status="PASSED">
         <system-out><![CDATA[28-05-2024T20:43:41 - [TEST_CASE][PASSED] - Test Cases/KBB/test-copyright: Test Cases/KBB/test-copyright

28-05-2024T20:43:41 - [TEST_STEP][PASSED] - openBrowser(""): Browser is opened with url: ''

28-05-2024T20:43:41 - [MESSAGE][INFO] - Starting 'Chrome' driver

28-05-2024T20:43:41 - [MESSAGE][INFO] - Action delay is set to 0 milliseconds

28-05-2024T20:43:42 - [MESSAGE][PASSED] - Browser is opened with url: ''

28-05-2024T20:43:42 - [TEST_STEP][PASSED] - navigateToUrl("https://www.kbb.com/"): Navigate to 'https://www.kbb.com/' successfully

28-05-2024T20:43:49 - [MESSAGE][PASSED] - Navigate to 'https://www.kbb.com/' successfully

28-05-2024T20:43:49 - [TEST_STEP][PASSED] - scrollToPosition(9999999, 9999999): Browser is scrolled to position x = 9999999, y = 9999999

28-05-2024T20:43:49 - [MESSAGE][PASSED] - Browser is scrolled to position x = 9999999, y = 9999999

28-05-2024T20:43:49 - [TEST_STEP][PASSED] - verifyElementVisible(findTestObject("Object Repository/Page_Kelley Blue Book  New and Used Car Pri_e90311/div_FAQContact UsDo Not Sell My Personal In_2db4c4")): Object 'Object Repository/Page_Kelley Blue Book  New and Used Car Pri_e90311/div_FAQContact UsDo Not Sell My Personal In_2db4c4' is visible

28-05-2024T20:43:50 - [MESSAGE][PASSED] - Object 'Object Repository/Page_Kelley Blue Book  New and Used Car Pri_e90311/div_FAQContact UsDo Not Sell My Personal In_2db4c4' is visible

28-05-2024T20:43:50 - [TEST_STEP][PASSED] - closeBrowser(): Browser is closed

28-05-2024T20:43:50 - [MESSAGE][PASSED] - Browser is closed]]></system-out>
         <system-err><![CDATA[]]></system-err>
      </testcase>
      <testcase name="Test Cases/KBB/test-licking-footer" time="16.071" classname="Test Cases/KBB/test-licking-footer" status="PASSED">
         <system-out><![CDATA[28-05-2024T20:43:50 - [TEST_CASE][PASSED] - Test Cases/KBB/test-licking-footer: Test Cases/KBB/test-licking-footer

28-05-2024T20:43:50 - [TEST_STEP][PASSED] - openBrowser(""): Browser is opened with url: ''

28-05-2024T20:43:50 - [MESSAGE][INFO] - Starting 'Chrome' driver

28-05-2024T20:43:50 - [MESSAGE][INFO] - Action delay is set to 0 milliseconds

28-05-2024T20:43:51 - [MESSAGE][PASSED] - Browser is opened with url: ''

28-05-2024T20:43:51 - [TEST_STEP][PASSED] - navigateToUrl("https://www.kbb.com/"): Navigate to 'https://www.kbb.com/' successfully

28-05-2024T20:44:03 - [MESSAGE][PASSED] - Navigate to 'https://www.kbb.com/' successfully

28-05-2024T20:44:03 - [TEST_STEP][PASSED] - scrollToPosition(9999999, 9999999): Browser is scrolled to position x = 9999999, y = 9999999

28-05-2024T20:44:03 - [MESSAGE][PASSED] - Browser is scrolled to position x = 9999999, y = 9999999

28-05-2024T20:44:03 - [TEST_STEP][PASSED] - click(findTestObject("Object Repository/Page_Kelley Blue Book  New and Used Car Pri_e90311/a_Contact Us")): Object: 'Object Repository/Page_Kelley Blue Book  New and Used Car Pri_e90311/a_Contact Us' is clicked on

28-05-2024T20:44:06 - [MESSAGE][PASSED] - Object: 'Object Repository/Page_Kelley Blue Book  New and Used Car Pri_e90311/a_Contact Us' is clicked on

28-05-2024T20:44:06 - [TEST_STEP][PASSED] - closeBrowser(): Browser is closed

28-05-2024T20:44:06 - [MESSAGE][PASSED] - Browser is closed]]></system-out>
         <system-err><![CDATA[]]></system-err>
      </testcase>
      <testcase name="Test Cases/KBB/test_button_4" time="12.197" classname="Test Cases/KBB/test_button_4" status="PASSED">
         <system-out><![CDATA[28-05-2024T20:44:06 - [TEST_CASE][PASSED] - Test Cases/KBB/test_button_4: Test Cases/KBB/test_button_4

28-05-2024T20:44:06 - [TEST_STEP][PASSED] - openBrowser(""): Browser is opened with url: ''

28-05-2024T20:44:06 - [MESSAGE][INFO] - Starting 'Chrome' driver

28-05-2024T20:44:06 - [MESSAGE][INFO] - Action delay is set to 0 milliseconds

28-05-2024T20:44:07 - [MESSAGE][PASSED] - Browser is opened with url: ''

28-05-2024T20:44:07 - [TEST_STEP][PASSED] - navigateToUrl("https://www.kbb.com/"): Navigate to 'https://www.kbb.com/' successfully

28-05-2024T20:44:15 - [MESSAGE][PASSED] - Navigate to 'https://www.kbb.com/' successfully

28-05-2024T20:44:15 - [TEST_STEP][PASSED] - scrollToPosition(9999999, 9999999): Browser is scrolled to position x = 9999999, y = 9999999

28-05-2024T20:44:15 - [MESSAGE][PASSED] - Browser is scrolled to position x = 9999999, y = 9999999

28-05-2024T20:44:15 - [TEST_STEP][PASSED] - verifyElementText(findTestObject("Object Repository/Page_Kelley Blue Book  New and Used Car Pri_e90311/h2_Your Car Guide"), "Your Car Guide"): Actual text and expected text of test object 'Object Repository/Page_Kelley Blue Book  New and Used Car Pri_e90311/h2_Your Car Guide' are matched.

28-05-2024T20:44:18 - [MESSAGE][PASSED] - Actual text and expected text of test object 'Object Repository/Page_Kelley Blue Book  New and Used Car Pri_e90311/h2_Your Car Guide' are matched.

28-05-2024T20:44:18 - [TEST_STEP][PASSED] - closeBrowser(): Browser is closed

28-05-2024T20:44:18 - [MESSAGE][PASSED] - Browser is closed]]></system-out>
         <system-err><![CDATA[]]></system-err>
      </testcase>
      <testcase name="Test Cases/KBB/test_click-button-1" time="67.971" classname="Test Cases/KBB/test_click-button-1" status="FAILED">
         <failure type="FAILED" message="Test Cases/KBB/test_click-button-1 FAILED.&#xa;Reason:&#xa;com.kms.katalon.core.exception.StepFailedException: Verify element text of test object 'Object Repository/KBB/Page_Kelley Blue Book  New and Used Car Pri_e90311/h2_New Cars by Make' FAILED.&#xa;	at com.kms.katalon.core.webui.keyword.internal.WebUIKeywordMain.stepFailed(WebUIKeywordMain.groovy:64)&#xa;	at com.kms.katalon.core.webui.keyword.internal.WebUIKeywordMain.runKeyword(WebUIKeywordMain.groovy:26)&#xa;	at com.kms.katalon.core.webui.keyword.builtin.VerifyElementTextKeyword.verifyElementText(VerifyElementTextKeyword.groovy:72)&#xa;	at com.kms.katalon.core.webui.keyword.builtin.VerifyElementTextKeyword.execute(VerifyElementTextKeyword.groovy:40)&#xa;	at com.kms.katalon.core.keyword.internal.KeywordExecutor.executeKeywordForPlatform(KeywordExecutor.groovy:74)&#xa;	at com.kms.katalon.core.webui.keyword.WebUiBuiltInKeywords.verifyElementText(WebUiBuiltInKeywords.groovy:4835)&#xa;	at test_click-button-1.run(test_click-button-1:24)&#xa;	at com.kms.katalon.core.main.ScriptEngine.run(ScriptEngine.java:194)&#xa;	at com.kms.katalon.core.main.ScriptEngine.runScriptAsRawText(ScriptEngine.java:119)&#xa;	at com.kms.katalon.core.main.TestCaseExecutor.runScript(TestCaseExecutor.java:448)&#xa;	at com.kms.katalon.core.main.TestCaseExecutor.doExecute(TestCaseExecutor.java:439)&#xa;	at com.kms.katalon.core.main.TestCaseExecutor.processExecutionPhase(TestCaseExecutor.java:418)&#xa;	at com.kms.katalon.core.main.TestCaseExecutor.accessMainPhase(TestCaseExecutor.java:410)&#xa;	at com.kms.katalon.core.main.TestCaseExecutor.execute(TestCaseExecutor.java:285)&#xa;	at com.kms.katalon.core.main.TestCaseExecutor.execute(TestCaseExecutor.java:369)&#xa;	at com.kms.katalon.core.main.TestCaseExecutor.execute(TestCaseExecutor.java:369)&#xa;	at com.kms.katalon.core.main.TestCaseExecutor.execute(TestCaseExecutor.java:369)&#xa;	at com.kms.katalon.core.common.CommonExecutor.accessTestCaseMainPhase(CommonExecutor.java:65)&#xa;	at com.kms.katalon.core.main.TestSuiteExecutor.accessTestSuiteMainPhase(TestSuiteExecutor.java:150)&#xa;	at com.kms.katalon.core.main.TestSuiteExecutor.execute(TestSuiteExecutor.java:106)&#xa;	at com.kms.katalon.core.main.TestCaseMain.startTestSuite(TestCaseMain.java:180)&#xa;	at TempTestSuite1716903746937.run(TempTestSuite1716903746937.groovy:35)&#xa;	at java.base/jdk.internal.reflect.NativeMethodAccessorImpl.invoke0(Native Method)&#xa;	at java.base/jdk.internal.reflect.NativeMethodAccessorImpl.invoke(NativeMethodAccessorImpl.java:77)&#xa;	at java.base/jdk.internal.reflect.DelegatingMethodAccessorImpl.invoke(DelegatingMethodAccessorImpl.java:43)&#xa;Caused by: com.kms.katalon.core.exception.StepFailedException: com.kms.katalon.core.webui.exception.WebElementNotFoundException: Web element with id: 'Object Repository/KBB/Page_Kelley Blue Book  New and Used Car Pri_e90311/h2_New Cars by Make' located by '//main[@id='content']/div[4]/div/div/div/div/h2' not found&#xa;	at com.kms.katalon.core.webui.keyword.internal.WebUIKeywordMain.stepFailed(WebUIKeywordMain.groovy:64)&#xa;	at com.kms.katalon.core.webui.keyword.builtin.VerifyElementTextKeyword$_verifyElementText_closure1.doCall(VerifyElementTextKeyword.groovy:64)&#xa;	at com.kms.katalon.core.webui.keyword.builtin.VerifyElementTextKeyword$_verifyElementText_closure1.call(VerifyElementTextKeyword.groovy)&#xa;	at com.kms.katalon.core.webui.keyword.internal.WebUIKeywordMain.runKeyword(WebUIKeywordMain.groovy:20)&#xa;	... 23 more&#xa;"/>
         <system-out><![CDATA[28-05-2024T20:47:42 - [TEST_CASE][FAILED] - Test Cases/KBB/test_click-button-1: Test Cases/KBB/test_click-button-1 FAILED.
Reason:
com.kms.katalon.core.exception.StepFailedException: Verify element text of test object 'Object Repository/KBB/Page_Kelley Blue Book  New and Used Car Pri_e90311/h2_New Cars by Make' FAILED.
	at com.kms.katalon.core.webui.keyword.internal.WebUIKeywordMain.stepFailed(WebUIKeywordMain.groovy:64)
	at com.kms.katalon.core.webui.keyword.internal.WebUIKeywordMain.runKeyword(WebUIKeywordMain.groovy:26)
	at com.kms.katalon.core.webui.keyword.builtin.VerifyElementTextKeyword.verifyElementText(VerifyElementTextKeyword.groovy:72)
	at com.kms.katalon.core.webui.keyword.builtin.VerifyElementTextKeyword.execute(VerifyElementTextKeyword.groovy:40)
	at com.kms.katalon.core.keyword.internal.KeywordExecutor.executeKeywordForPlatform(KeywordExecutor.groovy:74)
	at com.kms.katalon.core.webui.keyword.WebUiBuiltInKeywords.verifyElementText(WebUiBuiltInKeywords.groovy:4835)
	at test_click-button-1.run(test_click-button-1:24)
	at com.kms.katalon.core.main.ScriptEngine.run(ScriptEngine.java:194)
	at com.kms.katalon.core.main.ScriptEngine.runScriptAsRawText(ScriptEngine.java:119)
	at com.kms.katalon.core.main.TestCaseExecutor.runScript(TestCaseExecutor.java:448)
	at com.kms.katalon.core.main.TestCaseExecutor.doExecute(TestCaseExecutor.java:439)
	at com.kms.katalon.core.main.TestCaseExecutor.processExecutionPhase(TestCaseExecutor.java:418)
	at com.kms.katalon.core.main.TestCaseExecutor.accessMainPhase(TestCaseExecutor.java:410)
	at com.kms.katalon.core.main.TestCaseExecutor.execute(TestCaseExecutor.java:285)
	at com.kms.katalon.core.main.TestCaseExecutor.execute(TestCaseExecutor.java:369)
	at com.kms.katalon.core.main.TestCaseExecutor.execute(TestCaseExecutor.java:369)
	at com.kms.katalon.core.main.TestCaseExecutor.execute(TestCaseExecutor.java:369)
	at com.kms.katalon.core.common.CommonExecutor.accessTestCaseMainPhase(CommonExecutor.java:65)
	at com.kms.katalon.core.main.TestSuiteExecutor.accessTestSuiteMainPhase(TestSuiteExecutor.java:150)
	at com.kms.katalon.core.main.TestSuiteExecutor.execute(TestSuiteExecutor.java:106)
	at com.kms.katalon.core.main.TestCaseMain.startTestSuite(TestCaseMain.java:180)
	at TempTestSuite1716903746937.run(TempTestSuite1716903746937.groovy:35)
	at java.base/jdk.internal.reflect.NativeMethodAccessorImpl.invoke0(Native Method)
	at java.base/jdk.internal.reflect.NativeMethodAccessorImpl.invoke(NativeMethodAccessorImpl.java:77)
	at java.base/jdk.internal.reflect.DelegatingMethodAccessorImpl.invoke(DelegatingMethodAccessorImpl.java:43)
Caused by: com.kms.katalon.core.exception.StepFailedException: com.kms.katalon.core.webui.exception.WebElementNotFoundException: Web element with id: 'Object Repository/KBB/Page_Kelley Blue Book  New and Used Car Pri_e90311/h2_New Cars by Make' located by '//main[@id='content']/div[4]/div/div/div/div/h2' not found
	at com.kms.katalon.core.webui.keyword.internal.WebUIKeywordMain.stepFailed(WebUIKeywordMain.groovy:64)
	at com.kms.katalon.core.webui.keyword.builtin.VerifyElementTextKeyword$_verifyElementText_closure1.doCall(VerifyElementTextKeyword.groovy:64)
	at com.kms.katalon.core.webui.keyword.builtin.VerifyElementTextKeyword$_verifyElementText_closure1.call(VerifyElementTextKeyword.groovy)
	at com.kms.katalon.core.webui.keyword.internal.WebUIKeywordMain.runKeyword(WebUIKeywordMain.groovy:20)
	... 23 more


28-05-2024T20:47:42 - [TEST_STEP][PASSED] - openBrowser(""): Browser is opened with url: ''

28-05-2024T20:47:42 - [MESSAGE][WARNING] - A browser is already opened. Closing browser and opening a new one

28-05-2024T20:47:43 - [MESSAGE][INFO] - Starting 'Chrome' driver

28-05-2024T20:47:43 - [MESSAGE][INFO] - Action delay is set to 0 milliseconds

28-05-2024T20:47:43 - [MESSAGE][PASSED] - Browser is opened with url: ''

28-05-2024T20:47:43 - [TEST_STEP][PASSED] - navigateToUrl("https://www.kbb.com/whats-my-car-worth/"): Navigate to 'https://www.kbb.com/whats-my-car-worth/' successfully

28-05-2024T20:48:13 - [MESSAGE][PASSED] - Navigate to 'https://www.kbb.com/whats-my-car-worth/' successfully

28-05-2024T20:48:13 - [TEST_STEP][FAILED] - verifyElementText(findTestObject("Object Repository/KBB/Page_Kelley Blue Book  New and Used Car Pri_e90311/h2_New Cars by Make"), "New Cars by Make"): Verify element text of test object 'Object Repository/KBB/Page_Kelley Blue Book  New and Used Car Pri_e90311/h2_New Cars by Make' FAILED. (Root cause: com.kms.katalon.core.exception.StepFailedException: Verify element text of test object 'Object Repository/KBB/Page_Kelley Blue Book  New and Used Car Pri_e90311/h2_New Cars by Make' FAILED.
	at com.kms.katalon.core.webui.keyword.internal.WebUIKeywordMain.stepFailed(WebUIKeywordMain.groovy:64)
	at com.kms.katalon.core.webui.keyword.internal.WebUIKeywordMain.runKeyword(WebUIKeywordMain.groovy:26)
	at com.kms.katalon.core.webui.keyword.builtin.VerifyElementTextKeyword.verifyElementText(VerifyElementTextKeyword.groovy:72)
	at com.kms.katalon.core.webui.keyword.builtin.VerifyElementTextKeyword.execute(VerifyElementTextKeyword.groovy:40)
	at com.kms.katalon.core.keyword.internal.KeywordExecutor.executeKeywordForPlatform(KeywordExecutor.groovy:74)
	at com.kms.katalon.core.webui.keyword.WebUiBuiltInKeywords.verifyElementText(WebUiBuiltInKeywords.groovy:4835)
	at test_click-button-1.run(test_click-button-1:24)
	at com.kms.katalon.core.main.ScriptEngine.run(ScriptEngine.java:194)
	at com.kms.katalon.core.main.ScriptEngine.runScriptAsRawText(ScriptEngine.java:119)
	at com.kms.katalon.core.main.TestCaseExecutor.runScript(TestCaseExecutor.java:448)
	at com.kms.katalon.core.main.TestCaseExecutor.doExecute(TestCaseExecutor.java:439)
	at com.kms.katalon.core.main.TestCaseExecutor.processExecutionPhase(TestCaseExecutor.java:418)
	at com.kms.katalon.core.main.TestCaseExecutor.accessMainPhase(TestCaseExecutor.java:410)
	at com.kms.katalon.core.main.TestCaseExecutor.execute(TestCaseExecutor.java:285)
	at com.kms.katalon.core.main.TestCaseExecutor.execute(TestCaseExecutor.java:369)
	at com.kms.katalon.core.main.TestCaseExecutor.execute(TestCaseExecutor.java:369)
	at com.kms.katalon.core.main.TestCaseExecutor.execute(TestCaseExecutor.java:369)
	at com.kms.katalon.core.common.CommonExecutor.accessTestCaseMainPhase(CommonExecutor.java:65)
	at com.kms.katalon.core.main.TestSuiteExecutor.accessTestSuiteMainPhase(TestSuiteExecutor.java:150)
	at com.kms.katalon.core.main.TestSuiteExecutor.execute(TestSuiteExecutor.java:106)
	at com.kms.katalon.core.main.TestCaseMain.startTestSuite(TestCaseMain.java:180)
	at TempTestSuite1716903746937.run(TempTestSuite1716903746937.groovy:35)
	at java.base/jdk.internal.reflect.NativeMethodAccessorImpl.invoke0(Native Method)
	at java.base/jdk.internal.reflect.NativeMethodAccessorImpl.invoke(NativeMethodAccessorImpl.java:77)
	at java.base/jdk.internal.reflect.DelegatingMethodAccessorImpl.invoke(DelegatingMethodAccessorImpl.java:43)
Caused by: com.kms.katalon.core.exception.StepFailedException: com.kms.katalon.core.webui.exception.WebElementNotFoundException: Web element with id: 'Object Repository/KBB/Page_Kelley Blue Book  New and Used Car Pri_e90311/h2_New Cars by Make' located by '//main[@id='content']/div[4]/div/div/div/div/h2' not found
	at com.kms.katalon.core.webui.keyword.internal.WebUIKeywordMain.stepFailed(WebUIKeywordMain.groovy:64)
	at com.kms.katalon.core.webui.keyword.builtin.VerifyElementTextKeyword$_verifyElementText_closure1.doCall(VerifyElementTextKeyword.groovy:64)
	at com.kms.katalon.core.webui.keyword.builtin.VerifyElementTextKeyword$_verifyElementText_closure1.call(VerifyElementTextKeyword.groovy)
	at com.kms.katalon.core.webui.keyword.internal.WebUIKeywordMain.runKeyword(WebUIKeywordMain.groovy:20)
	... 23 more
)

28-05-2024T20:48:45 - [MESSAGE][INFO] - Unable to find the element located by 'By.xpath: //main[@id='content']/div[4]/div/div/div/div/h2'. Please recheck the objects properties to make sure the desired element is located. 

28-05-2024T20:48:45 - [MESSAGE][WARNING] - [SELF-HEALING] Failed to find element with id 'Object Repository/KBB/Page_Kelley Blue Book  New and Used Car Pri_e90311/h2_New Cars by Make'. Try using Self-healing.

28-05-2024T20:48:45 - [MESSAGE][INFO] - [SELF-HEALING] Failed Locator: '//main[@id='content']/div[4]/div/div/div/div/h2'.

28-05-2024T20:48:45 - [MESSAGE][INFO] - [SELF-HEALING] Failed Locator: '(.//*[normalize-space(text()) and normalize-space(.)='Best Fullsize Trucks'])[2]/following::h2[1]'.

28-05-2024T20:48:46 - [MESSAGE][INFO] - [SELF-HEALING] Failed Locator: '(.//*[normalize-space(text()) and normalize-space(.)='Best Fullsize SUVs'])[2]/following::h2[1]'.

28-05-2024T20:48:46 - [MESSAGE][INFO] - [SELF-HEALING] Failed Locator: '(.//*[normalize-space(text()) and normalize-space(.)='Filter by Make'])[1]/preceding::h2[1]'.

28-05-2024T20:48:46 - [MESSAGE][INFO] - [SELF-HEALING] Failed Locator: '(.//*[normalize-space(text()) and normalize-space(.)='Recommended for You'])[2]/preceding::h2[1]'.

28-05-2024T20:48:46 - [MESSAGE][INFO] - [SELF-HEALING] Failed Locator: '//*/text()[normalize-space(.)='New Cars by Make']/parent::*'.

28-05-2024T20:48:47 - [MESSAGE][INFO] - [SELF-HEALING] Failed Locator: '//div[4]/div/div/div/div/h2'.

28-05-2024T20:48:47 - [MESSAGE][INFO] - [SELF-HEALING] Failed Locator: '//h2[(text() = 'New Cars by Make' or . = 'New Cars by Make')]'.

28-05-2024T20:48:49 - [MESSAGE][INFO] - Unable to find the element located by 'By.xpath: //*[(text() = 'New Cars by Make' or . = 'New Cars by Make')]'. Please recheck the objects properties to make sure the desired element is located. 

28-05-2024T20:48:50 - [MESSAGE][INFO] - Unable to find the element located by 'By.cssSelector: div.css-1hjysog.ej71frw1 > h2.css-1eagefn.e148eed12'. Please recheck the objects properties to make sure the desired element is located. 

28-05-2024T20:48:50 - [MESSAGE][FAILED] - com.kms.katalon.core.webui.exception.WebElementNotFoundException: Web element with id: 'Object Repository/KBB/Page_Kelley Blue Book  New and Used Car Pri_e90311/h2_New Cars by Make' located by '//main[@id='content']/div[4]/div/div/div/div/h2' not found (Root cause: com.kms.katalon.core.exception.StepFailedException: com.kms.katalon.core.webui.exception.WebElementNotFoundException: Web element with id: 'Object Repository/KBB/Page_Kelley Blue Book  New and Used Car Pri_e90311/h2_New Cars by Make' located by '//main[@id='content']/div[4]/div/div/div/div/h2' not found
	at com.kms.katalon.core.webui.keyword.internal.WebUIKeywordMain.stepFailed(WebUIKeywordMain.groovy:64)
	at com.kms.katalon.core.webui.keyword.builtin.VerifyElementTextKeyword$_verifyElementText_closure1.doCall(VerifyElementTextKeyword.groovy:64)
	at com.kms.katalon.core.webui.keyword.builtin.VerifyElementTextKeyword$_verifyElementText_closure1.call(VerifyElementTextKeyword.groovy)
	at com.kms.katalon.core.webui.keyword.internal.WebUIKeywordMain.runKeyword(WebUIKeywordMain.groovy:20)
	at com.kms.katalon.core.webui.keyword.builtin.VerifyElementTextKeyword.verifyElementText(VerifyElementTextKeyword.groovy:72)
	at com.kms.katalon.core.webui.keyword.builtin.VerifyElementTextKeyword.execute(VerifyElementTextKeyword.groovy:40)
	at com.kms.katalon.core.keyword.internal.KeywordExecutor.executeKeywordForPlatform(KeywordExecutor.groovy:74)
	at com.kms.katalon.core.webui.keyword.WebUiBuiltInKeywords.verifyElementText(WebUiBuiltInKeywords.groovy:4835)
	at test_click-button-1.run(test_click-button-1:24)
	at com.kms.katalon.core.main.ScriptEngine.run(ScriptEngine.java:194)
	at com.kms.katalon.core.main.ScriptEngine.runScriptAsRawText(ScriptEngine.java:119)
	at com.kms.katalon.core.main.TestCaseExecutor.runScript(TestCaseExecutor.java:448)
	at com.kms.katalon.core.main.TestCaseExecutor.doExecute(TestCaseExecutor.java:439)
	at com.kms.katalon.core.main.TestCaseExecutor.processExecutionPhase(TestCaseExecutor.java:418)
	at com.kms.katalon.core.main.TestCaseExecutor.accessMainPhase(TestCaseExecutor.java:410)
	at com.kms.katalon.core.main.TestCaseExecutor.execute(TestCaseExecutor.java:285)
	at com.kms.katalon.core.main.TestCaseExecutor.execute(TestCaseExecutor.java:369)
	at com.kms.katalon.core.main.TestCaseExecutor.execute(TestCaseExecutor.java:369)
	at com.kms.katalon.core.main.TestCaseExecutor.execute(TestCaseExecutor.java:369)
	at com.kms.katalon.core.common.CommonExecutor.accessTestCaseMainPhase(CommonExecutor.java:65)
	at com.kms.katalon.core.main.TestSuiteExecutor.accessTestSuiteMainPhase(TestSuiteExecutor.java:150)
	at com.kms.katalon.core.main.TestSuiteExecutor.execute(TestSuiteExecutor.java:106)
	at com.kms.katalon.core.main.TestCaseMain.startTestSuite(TestCaseMain.java:180)
	at TempTestSuite1716903746937.run(TempTestSuite1716903746937.groovy:35)
	at java.base/jdk.internal.reflect.NativeMethodAccessorImpl.invoke0(Native Method)
	at java.base/jdk.internal.reflect.NativeMethodAccessorImpl.invoke(NativeMethodAccessorImpl.java:77)
	at java.base/jdk.internal.reflect.DelegatingMethodAccessorImpl.invoke(DelegatingMethodAccessorImpl.java:43)
)
[[ATTACHMENT|C:\\Users\\PC\\git\\katalon-first-project\\Reports\\20240528_204225\\KBB\\all-kbb\\20240528_204226\\1716904130717.png]]

28-05-2024T20:48:50 - [MESSAGE][FAILED] - Verify element text of test object 'Object Repository/KBB/Page_Kelley Blue Book  New and Used Car Pri_e90311/h2_New Cars by Make' FAILED. (Root cause: com.kms.katalon.core.exception.StepFailedException: Verify element text of test object 'Object Repository/KBB/Page_Kelley Blue Book  New and Used Car Pri_e90311/h2_New Cars by Make' FAILED.
	at com.kms.katalon.core.webui.keyword.internal.WebUIKeywordMain.stepFailed(WebUIKeywordMain.groovy:64)
	at com.kms.katalon.core.webui.keyword.internal.WebUIKeywordMain.runKeyword(WebUIKeywordMain.groovy:26)
	at com.kms.katalon.core.webui.keyword.builtin.VerifyElementTextKeyword.verifyElementText(VerifyElementTextKeyword.groovy:72)
	at com.kms.katalon.core.webui.keyword.builtin.VerifyElementTextKeyword.execute(VerifyElementTextKeyword.groovy:40)
	at com.kms.katalon.core.keyword.internal.KeywordExecutor.executeKeywordForPlatform(KeywordExecutor.groovy:74)
	at com.kms.katalon.core.webui.keyword.WebUiBuiltInKeywords.verifyElementText(WebUiBuiltInKeywords.groovy:4835)
	at test_click-button-1.run(test_click-button-1:24)
	at com.kms.katalon.core.main.ScriptEngine.run(ScriptEngine.java:194)
	at com.kms.katalon.core.main.ScriptEngine.runScriptAsRawText(ScriptEngine.java:119)
	at com.kms.katalon.core.main.TestCaseExecutor.runScript(TestCaseExecutor.java:448)
	at com.kms.katalon.core.main.TestCaseExecutor.doExecute(TestCaseExecutor.java:439)
	at com.kms.katalon.core.main.TestCaseExecutor.processExecutionPhase(TestCaseExecutor.java:418)
	at com.kms.katalon.core.main.TestCaseExecutor.accessMainPhase(TestCaseExecutor.java:410)
	at com.kms.katalon.core.main.TestCaseExecutor.execute(TestCaseExecutor.java:285)
	at com.kms.katalon.core.main.TestCaseExecutor.execute(TestCaseExecutor.java:369)
	at com.kms.katalon.core.main.TestCaseExecutor.execute(TestCaseExecutor.java:369)
	at com.kms.katalon.core.main.TestCaseExecutor.execute(TestCaseExecutor.java:369)
	at com.kms.katalon.core.common.CommonExecutor.accessTestCaseMainPhase(CommonExecutor.java:65)
	at com.kms.katalon.core.main.TestSuiteExecutor.accessTestSuiteMainPhase(TestSuiteExecutor.java:150)
	at com.kms.katalon.core.main.TestSuiteExecutor.execute(TestSuiteExecutor.java:106)
	at com.kms.katalon.core.main.TestCaseMain.startTestSuite(TestCaseMain.java:180)
	at TempTestSuite1716903746937.run(TempTestSuite1716903746937.groovy:35)
	at java.base/jdk.internal.reflect.NativeMethodAccessorImpl.invoke0(Native Method)
	at java.base/jdk.internal.reflect.NativeMethodAccessorImpl.invoke(NativeMethodAccessorImpl.java:77)
	at java.base/jdk.internal.reflect.DelegatingMethodAccessorImpl.invoke(DelegatingMethodAccessorImpl.java:43)
Caused by: com.kms.katalon.core.exception.StepFailedException: com.kms.katalon.core.webui.exception.WebElementNotFoundException: Web element with id: 'Object Repository/KBB/Page_Kelley Blue Book  New and Used Car Pri_e90311/h2_New Cars by Make' located by '//main[@id='content']/div[4]/div/div/div/div/h2' not found
	at com.kms.katalon.core.webui.keyword.internal.WebUIKeywordMain.stepFailed(WebUIKeywordMain.groovy:64)
	at com.kms.katalon.core.webui.keyword.builtin.VerifyElementTextKeyword$_verifyElementText_closure1.doCall(VerifyElementTextKeyword.groovy:64)
	at com.kms.katalon.core.webui.keyword.builtin.VerifyElementTextKeyword$_verifyElementText_closure1.call(VerifyElementTextKeyword.groovy)
	at com.kms.katalon.core.webui.keyword.internal.WebUIKeywordMain.runKeyword(WebUIKeywordMain.groovy:20)
	... 23 more
)
[[ATTACHMENT|C:\\Users\\PC\\git\\katalon-first-project\\Reports\\20240528_204225\\KBB\\all-kbb\\20240528_204226\\1716904130846.png]]]]></system-out>
         <system-err><![CDATA[28-05-2024T20:47:42 - [TEST_CASE][FAILED] - Test Cases/KBB/test_click-button-1: Test Cases/KBB/test_click-button-1 FAILED.
Reason:
com.kms.katalon.core.exception.StepFailedException: Verify element text of test object 'Object Repository/KBB/Page_Kelley Blue Book  New and Used Car Pri_e90311/h2_New Cars by Make' FAILED.
	at com.kms.katalon.core.webui.keyword.internal.WebUIKeywordMain.stepFailed(WebUIKeywordMain.groovy:64)
	at com.kms.katalon.core.webui.keyword.internal.WebUIKeywordMain.runKeyword(WebUIKeywordMain.groovy:26)
	at com.kms.katalon.core.webui.keyword.builtin.VerifyElementTextKeyword.verifyElementText(VerifyElementTextKeyword.groovy:72)
	at com.kms.katalon.core.webui.keyword.builtin.VerifyElementTextKeyword.execute(VerifyElementTextKeyword.groovy:40)
	at com.kms.katalon.core.keyword.internal.KeywordExecutor.executeKeywordForPlatform(KeywordExecutor.groovy:74)
	at com.kms.katalon.core.webui.keyword.WebUiBuiltInKeywords.verifyElementText(WebUiBuiltInKeywords.groovy:4835)
	at test_click-button-1.run(test_click-button-1:24)
	at com.kms.katalon.core.main.ScriptEngine.run(ScriptEngine.java:194)
	at com.kms.katalon.core.main.ScriptEngine.runScriptAsRawText(ScriptEngine.java:119)
	at com.kms.katalon.core.main.TestCaseExecutor.runScript(TestCaseExecutor.java:448)
	at com.kms.katalon.core.main.TestCaseExecutor.doExecute(TestCaseExecutor.java:439)
	at com.kms.katalon.core.main.TestCaseExecutor.processExecutionPhase(TestCaseExecutor.java:418)
	at com.kms.katalon.core.main.TestCaseExecutor.accessMainPhase(TestCaseExecutor.java:410)
	at com.kms.katalon.core.main.TestCaseExecutor.execute(TestCaseExecutor.java:285)
	at com.kms.katalon.core.main.TestCaseExecutor.execute(TestCaseExecutor.java:369)
	at com.kms.katalon.core.main.TestCaseExecutor.execute(TestCaseExecutor.java:369)
	at com.kms.katalon.core.main.TestCaseExecutor.execute(TestCaseExecutor.java:369)
	at com.kms.katalon.core.common.CommonExecutor.accessTestCaseMainPhase(CommonExecutor.java:65)
	at com.kms.katalon.core.main.TestSuiteExecutor.accessTestSuiteMainPhase(TestSuiteExecutor.java:150)
	at com.kms.katalon.core.main.TestSuiteExecutor.execute(TestSuiteExecutor.java:106)
	at com.kms.katalon.core.main.TestCaseMain.startTestSuite(TestCaseMain.java:180)
	at TempTestSuite1716903746937.run(TempTestSuite1716903746937.groovy:35)
	at java.base/jdk.internal.reflect.NativeMethodAccessorImpl.invoke0(Native Method)
	at java.base/jdk.internal.reflect.NativeMethodAccessorImpl.invoke(NativeMethodAccessorImpl.java:77)
	at java.base/jdk.internal.reflect.DelegatingMethodAccessorImpl.invoke(DelegatingMethodAccessorImpl.java:43)
Caused by: com.kms.katalon.core.exception.StepFailedException: com.kms.katalon.core.webui.exception.WebElementNotFoundException: Web element with id: 'Object Repository/KBB/Page_Kelley Blue Book  New and Used Car Pri_e90311/h2_New Cars by Make' located by '//main[@id='content']/div[4]/div/div/div/div/h2' not found
	at com.kms.katalon.core.webui.keyword.internal.WebUIKeywordMain.stepFailed(WebUIKeywordMain.groovy:64)
	at com.kms.katalon.core.webui.keyword.builtin.VerifyElementTextKeyword$_verifyElementText_closure1.doCall(VerifyElementTextKeyword.groovy:64)
	at com.kms.katalon.core.webui.keyword.builtin.VerifyElementTextKeyword$_verifyElementText_closure1.call(VerifyElementTextKeyword.groovy)
	at com.kms.katalon.core.webui.keyword.internal.WebUIKeywordMain.runKeyword(WebUIKeywordMain.groovy:20)
	... 23 more]]></system-err>
      </testcase>
      <testcase name="Test Cases/KBB/test_click_button" time="14.186" classname="Test Cases/KBB/test_click_button" status="PASSED">
         <system-out><![CDATA[28-05-2024T20:48:50 - [TEST_CASE][PASSED] - Test Cases/KBB/test_click_button: Test Cases/KBB/test_click_button

28-05-2024T20:48:50 - [TEST_STEP][PASSED] - openBrowser(""): Browser is opened with url: ''

28-05-2024T20:48:50 - [MESSAGE][WARNING] - A browser is already opened. Closing browser and opening a new one

28-05-2024T20:48:51 - [MESSAGE][INFO] - Starting 'Chrome' driver

28-05-2024T20:48:51 - [MESSAGE][INFO] - Action delay is set to 0 milliseconds

28-05-2024T20:48:51 - [MESSAGE][PASSED] - Browser is opened with url: ''

28-05-2024T20:48:51 - [TEST_STEP][PASSED] - navigateToUrl("https://www.kbb.com/"): Navigate to 'https://www.kbb.com/' successfully

28-05-2024T20:49:00 - [MESSAGE][PASSED] - Navigate to 'https://www.kbb.com/' successfully

28-05-2024T20:49:00 - [TEST_STEP][PASSED] - click(findTestObject("Object Repository/KBB/Page_Kelley Blue Book  New and Used Car Pri_e90311/span_Price NewUsed")): Object: 'Object Repository/KBB/Page_Kelley Blue Book  New and Used Car Pri_e90311/span_Price NewUsed' is clicked on

28-05-2024T20:49:04 - [MESSAGE][PASSED] - Object: 'Object Repository/KBB/Page_Kelley Blue Book  New and Used Car Pri_e90311/span_Price NewUsed' is clicked on

28-05-2024T20:49:04 - [TEST_STEP][PASSED] - closeBrowser(): Browser is closed

28-05-2024T20:49:05 - [MESSAGE][PASSED] - Browser is closed]]></system-out>
         <system-err><![CDATA[]]></system-err>
      </testcase>
      <testcase name="Test Cases/KBB/test_footer" time="16.669" classname="Test Cases/KBB/test_footer" status="PASSED">
         <system-out><![CDATA[28-05-2024T20:49:05 - [TEST_CASE][PASSED] - Test Cases/KBB/test_footer: Test Cases/KBB/test_footer

28-05-2024T20:49:05 - [TEST_STEP][PASSED] - openBrowser(""): Browser is opened with url: ''

28-05-2024T20:49:05 - [MESSAGE][INFO] - Starting 'Chrome' driver

28-05-2024T20:49:05 - [MESSAGE][INFO] - Action delay is set to 0 milliseconds

28-05-2024T20:49:06 - [MESSAGE][PASSED] - Browser is opened with url: ''

28-05-2024T20:49:06 - [TEST_STEP][PASSED] - navigateToUrl("https://www.kbb.com/"): Navigate to 'https://www.kbb.com/' successfully

28-05-2024T20:49:14 - [MESSAGE][PASSED] - Navigate to 'https://www.kbb.com/' successfully

28-05-2024T20:49:14 - [TEST_STEP][PASSED] - scrollToPosition(9999999, 9999999): Browser is scrolled to position x = 9999999, y = 9999999

28-05-2024T20:49:14 - [MESSAGE][PASSED] - Browser is scrolled to position x = 9999999, y = 9999999

28-05-2024T20:49:14 - [TEST_STEP][PASSED] - click(findTestObject("Object Repository/Page_Kelley Blue Book  New and Used Car Pri_e90311/a_FAQ")): Object: 'Object Repository/Page_Kelley Blue Book  New and Used Car Pri_e90311/a_FAQ' is clicked on

28-05-2024T20:49:21 - [MESSAGE][PASSED] - Object: 'Object Repository/Page_Kelley Blue Book  New and Used Car Pri_e90311/a_FAQ' is clicked on

28-05-2024T20:49:21 - [TEST_STEP][PASSED] - closeBrowser(): Browser is closed

28-05-2024T20:49:21 - [MESSAGE][PASSED] - Browser is closed]]></system-out>
         <system-err><![CDATA[]]></system-err>
      </testcase>
      <testcase name="Test Cases/KBB/test_logo" time="12.095" classname="Test Cases/KBB/test_logo" status="PASSED">
         <system-out><![CDATA[28-05-2024T20:49:21 - [TEST_CASE][PASSED] - Test Cases/KBB/test_logo: Test Cases/KBB/test_logo

28-05-2024T20:49:21 - [TEST_STEP][PASSED] - openBrowser(""): Browser is opened with url: ''

28-05-2024T20:49:21 - [MESSAGE][INFO] - Starting 'Chrome' driver

28-05-2024T20:49:21 - [MESSAGE][INFO] - Action delay is set to 0 milliseconds

28-05-2024T20:49:22 - [MESSAGE][PASSED] - Browser is opened with url: ''

28-05-2024T20:49:22 - [TEST_STEP][PASSED] - navigateToUrl("https://www.kbb.com/"): Navigate to 'https://www.kbb.com/' successfully

28-05-2024T20:49:31 - [MESSAGE][PASSED] - Navigate to 'https://www.kbb.com/' successfully

28-05-2024T20:49:31 - [TEST_STEP][PASSED] - verifyElementText(findTestObject("Object Repository/KBB/Page_Kelley Blue Book  New and Used Car Pri_e90311/h2_Shop Best Cars"), "Shop Best Cars"): Actual text and expected text of test object 'Object Repository/KBB/Page_Kelley Blue Book  New and Used Car Pri_e90311/h2_Shop Best Cars' are matched.

28-05-2024T20:49:33 - [MESSAGE][PASSED] - Actual text and expected text of test object 'Object Repository/KBB/Page_Kelley Blue Book  New and Used Car Pri_e90311/h2_Shop Best Cars' are matched.

28-05-2024T20:49:33 - [TEST_STEP][PASSED] - closeBrowser(): Browser is closed

28-05-2024T20:49:33 - [MESSAGE][PASSED] - Browser is closed]]></system-out>
         <system-err><![CDATA[]]></system-err>
      </testcase>
      <testcase name="Test Cases/KBB/test_menu_1" time="12.603" classname="Test Cases/KBB/test_menu_1" status="PASSED">
         <system-out><![CDATA[28-05-2024T20:49:33 - [TEST_CASE][PASSED] - Test Cases/KBB/test_menu_1: Test Cases/KBB/test_menu_1

28-05-2024T20:49:33 - [TEST_STEP][PASSED] - openBrowser(""): Browser is opened with url: ''

28-05-2024T20:49:33 - [MESSAGE][INFO] - Starting 'Chrome' driver

28-05-2024T20:49:33 - [MESSAGE][INFO] - Action delay is set to 0 milliseconds

28-05-2024T20:49:34 - [MESSAGE][PASSED] - Browser is opened with url: ''

28-05-2024T20:49:34 - [TEST_STEP][PASSED] - navigateToUrl("https://www.kbb.com/"): Navigate to 'https://www.kbb.com/' successfully

28-05-2024T20:49:44 - [MESSAGE][PASSED] - Navigate to 'https://www.kbb.com/' successfully

28-05-2024T20:49:44 - [TEST_STEP][PASSED] - scrollToPosition(9999999, 9999999): Browser is scrolled to position x = 9999999, y = 9999999

28-05-2024T20:49:44 - [MESSAGE][PASSED] - Browser is scrolled to position x = 9999999, y = 9999999

28-05-2024T20:49:44 - [TEST_STEP][PASSED] - click(findTestObject("Object Repository/Page_Kelley Blue Book  New and Used Car Pri_e90311/a_Contact Us")): Object: 'Object Repository/Page_Kelley Blue Book  New and Used Car Pri_e90311/a_Contact Us' is clicked on

28-05-2024T20:49:46 - [MESSAGE][PASSED] - Object: 'Object Repository/Page_Kelley Blue Book  New and Used Car Pri_e90311/a_Contact Us' is clicked on]]></system-out>
         <system-err><![CDATA[]]></system-err>
      </testcase>
      <testcase name="Test Cases/KBB/test_menu_2" time="11.265" classname="Test Cases/KBB/test_menu_2" status="FAILED">
         <failure type="FAILED" message="Test Cases/KBB/test_menu_2 FAILED.&#xa;Reason:&#xa;com.kms.katalon.core.exception.StepFailedException: Unable to accept alert&#xa;	at com.kms.katalon.core.webui.keyword.internal.WebUIKeywordMain.stepFailed(WebUIKeywordMain.groovy:64)&#xa;	at com.kms.katalon.core.webui.keyword.internal.WebUIKeywordMain.runKeyword(WebUIKeywordMain.groovy:26)&#xa;	at com.kms.katalon.core.webui.keyword.builtin.AcceptAlertKeyword.acceptAlert(AcceptAlertKeyword.groovy:71)&#xa;	at com.kms.katalon.core.webui.keyword.builtin.AcceptAlertKeyword.execute(AcceptAlertKeyword.groovy:66)&#xa;	at com.kms.katalon.core.keyword.internal.KeywordExecutor.executeKeywordForPlatform(KeywordExecutor.groovy:74)&#xa;	at com.kms.katalon.core.webui.keyword.WebUiBuiltInKeywords.acceptAlert(WebUiBuiltInKeywords.groovy:1561)&#xa;	at test_menu_2.run(test_menu_2:26)&#xa;	at com.kms.katalon.core.main.ScriptEngine.run(ScriptEngine.java:194)&#xa;	at com.kms.katalon.core.main.ScriptEngine.runScriptAsRawText(ScriptEngine.java:119)&#xa;	at com.kms.katalon.core.main.TestCaseExecutor.runScript(TestCaseExecutor.java:448)&#xa;	at com.kms.katalon.core.main.TestCaseExecutor.doExecute(TestCaseExecutor.java:439)&#xa;	at com.kms.katalon.core.main.TestCaseExecutor.processExecutionPhase(TestCaseExecutor.java:418)&#xa;	at com.kms.katalon.core.main.TestCaseExecutor.accessMainPhase(TestCaseExecutor.java:410)&#xa;	at com.kms.katalon.core.main.TestCaseExecutor.execute(TestCaseExecutor.java:285)&#xa;	at com.kms.katalon.core.main.TestCaseExecutor.execute(TestCaseExecutor.java:369)&#xa;	at com.kms.katalon.core.main.TestCaseExecutor.execute(TestCaseExecutor.java:369)&#xa;	at com.kms.katalon.core.main.TestCaseExecutor.execute(TestCaseExecutor.java:369)&#xa;	at com.kms.katalon.core.common.CommonExecutor.accessTestCaseMainPhase(CommonExecutor.java:65)&#xa;	at com.kms.katalon.core.main.TestSuiteExecutor.accessTestSuiteMainPhase(TestSuiteExecutor.java:150)&#xa;	at com.kms.katalon.core.main.TestSuiteExecutor.execute(TestSuiteExecutor.java:106)&#xa;	at com.kms.katalon.core.main.TestCaseMain.startTestSuite(TestCaseMain.java:180)&#xa;	at TempTestSuite1716903746937.run(TempTestSuite1716903746937.groovy:35)&#xa;	at java.base/jdk.internal.reflect.NativeMethodAccessorImpl.invoke0(Native Method)&#xa;	at java.base/jdk.internal.reflect.NativeMethodAccessorImpl.invoke(NativeMethodAccessorImpl.java:77)&#xa;	at java.base/jdk.internal.reflect.DelegatingMethodAccessorImpl.invoke(DelegatingMethodAccessorImpl.java:43)&#xa;Caused by: com.kms.katalon.core.exception.StepFailedException: No alert found&#xa;	at com.kms.katalon.core.webui.keyword.internal.WebUIKeywordMain.stepFailed(WebUIKeywordMain.groovy:64)&#xa;	at com.kms.katalon.core.webui.keyword.builtin.AcceptAlertKeyword$_acceptAlert_closure1.doCall(AcceptAlertKeyword.groovy:78)&#xa;	at com.kms.katalon.core.webui.keyword.builtin.AcceptAlertKeyword$_acceptAlert_closure1.call(AcceptAlertKeyword.groovy)&#xa;	at com.kms.katalon.core.webui.keyword.internal.WebUIKeywordMain.runKeyword(WebUIKeywordMain.groovy:20)&#xa;	... 23 more&#xa;"/>
         <system-out><![CDATA[28-05-2024T20:50:13 - [TEST_CASE][FAILED] - Test Cases/KBB/test_menu_2: Test Cases/KBB/test_menu_2 FAILED.
Reason:
com.kms.katalon.core.exception.StepFailedException: Unable to accept alert
	at com.kms.katalon.core.webui.keyword.internal.WebUIKeywordMain.stepFailed(WebUIKeywordMain.groovy:64)
	at com.kms.katalon.core.webui.keyword.internal.WebUIKeywordMain.runKeyword(WebUIKeywordMain.groovy:26)
	at com.kms.katalon.core.webui.keyword.builtin.AcceptAlertKeyword.acceptAlert(AcceptAlertKeyword.groovy:71)
	at com.kms.katalon.core.webui.keyword.builtin.AcceptAlertKeyword.execute(AcceptAlertKeyword.groovy:66)
	at com.kms.katalon.core.keyword.internal.KeywordExecutor.executeKeywordForPlatform(KeywordExecutor.groovy:74)
	at com.kms.katalon.core.webui.keyword.WebUiBuiltInKeywords.acceptAlert(WebUiBuiltInKeywords.groovy:1561)
	at test_menu_2.run(test_menu_2:26)
	at com.kms.katalon.core.main.ScriptEngine.run(ScriptEngine.java:194)
	at com.kms.katalon.core.main.ScriptEngine.runScriptAsRawText(ScriptEngine.java:119)
	at com.kms.katalon.core.main.TestCaseExecutor.runScript(TestCaseExecutor.java:448)
	at com.kms.katalon.core.main.TestCaseExecutor.doExecute(TestCaseExecutor.java:439)
	at com.kms.katalon.core.main.TestCaseExecutor.processExecutionPhase(TestCaseExecutor.java:418)
	at com.kms.katalon.core.main.TestCaseExecutor.accessMainPhase(TestCaseExecutor.java:410)
	at com.kms.katalon.core.main.TestCaseExecutor.execute(TestCaseExecutor.java:285)
	at com.kms.katalon.core.main.TestCaseExecutor.execute(TestCaseExecutor.java:369)
	at com.kms.katalon.core.main.TestCaseExecutor.execute(TestCaseExecutor.java:369)
	at com.kms.katalon.core.main.TestCaseExecutor.execute(TestCaseExecutor.java:369)
	at com.kms.katalon.core.common.CommonExecutor.accessTestCaseMainPhase(CommonExecutor.java:65)
	at com.kms.katalon.core.main.TestSuiteExecutor.accessTestSuiteMainPhase(TestSuiteExecutor.java:150)
	at com.kms.katalon.core.main.TestSuiteExecutor.execute(TestSuiteExecutor.java:106)
	at com.kms.katalon.core.main.TestCaseMain.startTestSuite(TestCaseMain.java:180)
	at TempTestSuite1716903746937.run(TempTestSuite1716903746937.groovy:35)
	at java.base/jdk.internal.reflect.NativeMethodAccessorImpl.invoke0(Native Method)
	at java.base/jdk.internal.reflect.NativeMethodAccessorImpl.invoke(NativeMethodAccessorImpl.java:77)
	at java.base/jdk.internal.reflect.DelegatingMethodAccessorImpl.invoke(DelegatingMethodAccessorImpl.java:43)
Caused by: com.kms.katalon.core.exception.StepFailedException: No alert found
	at com.kms.katalon.core.webui.keyword.internal.WebUIKeywordMain.stepFailed(WebUIKeywordMain.groovy:64)
	at com.kms.katalon.core.webui.keyword.builtin.AcceptAlertKeyword$_acceptAlert_closure1.doCall(AcceptAlertKeyword.groovy:78)
	at com.kms.katalon.core.webui.keyword.builtin.AcceptAlertKeyword$_acceptAlert_closure1.call(AcceptAlertKeyword.groovy)
	at com.kms.katalon.core.webui.keyword.internal.WebUIKeywordMain.runKeyword(WebUIKeywordMain.groovy:20)
	... 23 more


28-05-2024T20:50:13 - [TEST_STEP][PASSED] - openBrowser(""): Browser is opened with url: ''

28-05-2024T20:50:13 - [MESSAGE][WARNING] - A browser is already opened. Closing browser and opening a new one

28-05-2024T20:50:13 - [MESSAGE][INFO] - Starting 'Chrome' driver

28-05-2024T20:50:13 - [MESSAGE][INFO] - Action delay is set to 0 milliseconds

28-05-2024T20:50:14 - [MESSAGE][PASSED] - Browser is opened with url: ''

28-05-2024T20:50:14 - [TEST_STEP][PASSED] - navigateToUrl("https://www.kbb.com/"): Navigate to 'https://www.kbb.com/' successfully

28-05-2024T20:50:24 - [MESSAGE][PASSED] - Navigate to 'https://www.kbb.com/' successfully

28-05-2024T20:50:24 - [TEST_STEP][PASSED] - scrollToPosition(9999999, 9999999): Browser is scrolled to position x = 9999999, y = 9999999

28-05-2024T20:50:24 - [MESSAGE][PASSED] - Browser is scrolled to position x = 9999999, y = 9999999

28-05-2024T20:50:24 - [TEST_STEP][FAILED] - acceptAlert(): Unable to accept alert (Root cause: com.kms.katalon.core.exception.StepFailedException: Unable to accept alert
	at com.kms.katalon.core.webui.keyword.internal.WebUIKeywordMain.stepFailed(WebUIKeywordMain.groovy:64)
	at com.kms.katalon.core.webui.keyword.internal.WebUIKeywordMain.runKeyword(WebUIKeywordMain.groovy:26)
	at com.kms.katalon.core.webui.keyword.builtin.AcceptAlertKeyword.acceptAlert(AcceptAlertKeyword.groovy:71)
	at com.kms.katalon.core.webui.keyword.builtin.AcceptAlertKeyword.execute(AcceptAlertKeyword.groovy:66)
	at com.kms.katalon.core.keyword.internal.KeywordExecutor.executeKeywordForPlatform(KeywordExecutor.groovy:74)
	at com.kms.katalon.core.webui.keyword.WebUiBuiltInKeywords.acceptAlert(WebUiBuiltInKeywords.groovy:1561)
	at test_menu_2.run(test_menu_2:26)
	at com.kms.katalon.core.main.ScriptEngine.run(ScriptEngine.java:194)
	at com.kms.katalon.core.main.ScriptEngine.runScriptAsRawText(ScriptEngine.java:119)
	at com.kms.katalon.core.main.TestCaseExecutor.runScript(TestCaseExecutor.java:448)
	at com.kms.katalon.core.main.TestCaseExecutor.doExecute(TestCaseExecutor.java:439)
	at com.kms.katalon.core.main.TestCaseExecutor.processExecutionPhase(TestCaseExecutor.java:418)
	at com.kms.katalon.core.main.TestCaseExecutor.accessMainPhase(TestCaseExecutor.java:410)
	at com.kms.katalon.core.main.TestCaseExecutor.execute(TestCaseExecutor.java:285)
	at com.kms.katalon.core.main.TestCaseExecutor.execute(TestCaseExecutor.java:369)
	at com.kms.katalon.core.main.TestCaseExecutor.execute(TestCaseExecutor.java:369)
	at com.kms.katalon.core.main.TestCaseExecutor.execute(TestCaseExecutor.java:369)
	at com.kms.katalon.core.common.CommonExecutor.accessTestCaseMainPhase(CommonExecutor.java:65)
	at com.kms.katalon.core.main.TestSuiteExecutor.accessTestSuiteMainPhase(TestSuiteExecutor.java:150)
	at com.kms.katalon.core.main.TestSuiteExecutor.execute(TestSuiteExecutor.java:106)
	at com.kms.katalon.core.main.TestCaseMain.startTestSuite(TestCaseMain.java:180)
	at TempTestSuite1716903746937.run(TempTestSuite1716903746937.groovy:35)
	at java.base/jdk.internal.reflect.NativeMethodAccessorImpl.invoke0(Native Method)
	at java.base/jdk.internal.reflect.NativeMethodAccessorImpl.invoke(NativeMethodAccessorImpl.java:77)
	at java.base/jdk.internal.reflect.DelegatingMethodAccessorImpl.invoke(DelegatingMethodAccessorImpl.java:43)
Caused by: com.kms.katalon.core.exception.StepFailedException: No alert found
	at com.kms.katalon.core.webui.keyword.internal.WebUIKeywordMain.stepFailed(WebUIKeywordMain.groovy:64)
	at com.kms.katalon.core.webui.keyword.builtin.AcceptAlertKeyword$_acceptAlert_closure1.doCall(AcceptAlertKeyword.groovy:78)
	at com.kms.katalon.core.webui.keyword.builtin.AcceptAlertKeyword$_acceptAlert_closure1.call(AcceptAlertKeyword.groovy)
	at com.kms.katalon.core.webui.keyword.internal.WebUIKeywordMain.runKeyword(WebUIKeywordMain.groovy:20)
	... 23 more
)

28-05-2024T20:50:24 - [MESSAGE][FAILED] - No alert found (Root cause: com.kms.katalon.core.exception.StepFailedException: No alert found
	at com.kms.katalon.core.webui.keyword.internal.WebUIKeywordMain.stepFailed(WebUIKeywordMain.groovy:64)
	at com.kms.katalon.core.webui.keyword.builtin.AcceptAlertKeyword$_acceptAlert_closure1.doCall(AcceptAlertKeyword.groovy:78)
	at com.kms.katalon.core.webui.keyword.builtin.AcceptAlertKeyword$_acceptAlert_closure1.call(AcceptAlertKeyword.groovy)
	at com.kms.katalon.core.webui.keyword.internal.WebUIKeywordMain.runKeyword(WebUIKeywordMain.groovy:20)
	at com.kms.katalon.core.webui.keyword.builtin.AcceptAlertKeyword.acceptAlert(AcceptAlertKeyword.groovy:71)
	at com.kms.katalon.core.webui.keyword.builtin.AcceptAlertKeyword.execute(AcceptAlertKeyword.groovy:66)
	at com.kms.katalon.core.keyword.internal.KeywordExecutor.executeKeywordForPlatform(KeywordExecutor.groovy:74)
	at com.kms.katalon.core.webui.keyword.WebUiBuiltInKeywords.acceptAlert(WebUiBuiltInKeywords.groovy:1561)
	at test_menu_2.run(test_menu_2:26)
	at com.kms.katalon.core.main.ScriptEngine.run(ScriptEngine.java:194)
	at com.kms.katalon.core.main.ScriptEngine.runScriptAsRawText(ScriptEngine.java:119)
	at com.kms.katalon.core.main.TestCaseExecutor.runScript(TestCaseExecutor.java:448)
	at com.kms.katalon.core.main.TestCaseExecutor.doExecute(TestCaseExecutor.java:439)
	at com.kms.katalon.core.main.TestCaseExecutor.processExecutionPhase(TestCaseExecutor.java:418)
	at com.kms.katalon.core.main.TestCaseExecutor.accessMainPhase(TestCaseExecutor.java:410)
	at com.kms.katalon.core.main.TestCaseExecutor.execute(TestCaseExecutor.java:285)
	at com.kms.katalon.core.main.TestCaseExecutor.execute(TestCaseExecutor.java:369)
	at com.kms.katalon.core.main.TestCaseExecutor.execute(TestCaseExecutor.java:369)
	at com.kms.katalon.core.main.TestCaseExecutor.execute(TestCaseExecutor.java:369)
	at com.kms.katalon.core.common.CommonExecutor.accessTestCaseMainPhase(CommonExecutor.java:65)
	at com.kms.katalon.core.main.TestSuiteExecutor.accessTestSuiteMainPhase(TestSuiteExecutor.java:150)
	at com.kms.katalon.core.main.TestSuiteExecutor.execute(TestSuiteExecutor.java:106)
	at com.kms.katalon.core.main.TestCaseMain.startTestSuite(TestCaseMain.java:180)
	at TempTestSuite1716903746937.run(TempTestSuite1716903746937.groovy:35)
	at java.base/jdk.internal.reflect.NativeMethodAccessorImpl.invoke0(Native Method)
	at java.base/jdk.internal.reflect.NativeMethodAccessorImpl.invoke(NativeMethodAccessorImpl.java:77)
	at java.base/jdk.internal.reflect.DelegatingMethodAccessorImpl.invoke(DelegatingMethodAccessorImpl.java:43)
)
[[ATTACHMENT|C:\\Users\\PC\\git\\katalon-first-project\\Reports\\20240528_204225\\KBB\\all-kbb\\20240528_204226\\1716904224458.png]]

28-05-2024T20:50:24 - [MESSAGE][FAILED] - Unable to accept alert (Root cause: com.kms.katalon.core.exception.StepFailedException: Unable to accept alert
	at com.kms.katalon.core.webui.keyword.internal.WebUIKeywordMain.stepFailed(WebUIKeywordMain.groovy:64)
	at com.kms.katalon.core.webui.keyword.internal.WebUIKeywordMain.runKeyword(WebUIKeywordMain.groovy:26)
	at com.kms.katalon.core.webui.keyword.builtin.AcceptAlertKeyword.acceptAlert(AcceptAlertKeyword.groovy:71)
	at com.kms.katalon.core.webui.keyword.builtin.AcceptAlertKeyword.execute(AcceptAlertKeyword.groovy:66)
	at com.kms.katalon.core.keyword.internal.KeywordExecutor.executeKeywordForPlatform(KeywordExecutor.groovy:74)
	at com.kms.katalon.core.webui.keyword.WebUiBuiltInKeywords.acceptAlert(WebUiBuiltInKeywords.groovy:1561)
	at test_menu_2.run(test_menu_2:26)
	at com.kms.katalon.core.main.ScriptEngine.run(ScriptEngine.java:194)
	at com.kms.katalon.core.main.ScriptEngine.runScriptAsRawText(ScriptEngine.java:119)
	at com.kms.katalon.core.main.TestCaseExecutor.runScript(TestCaseExecutor.java:448)
	at com.kms.katalon.core.main.TestCaseExecutor.doExecute(TestCaseExecutor.java:439)
	at com.kms.katalon.core.main.TestCaseExecutor.processExecutionPhase(TestCaseExecutor.java:418)
	at com.kms.katalon.core.main.TestCaseExecutor.accessMainPhase(TestCaseExecutor.java:410)
	at com.kms.katalon.core.main.TestCaseExecutor.execute(TestCaseExecutor.java:285)
	at com.kms.katalon.core.main.TestCaseExecutor.execute(TestCaseExecutor.java:369)
	at com.kms.katalon.core.main.TestCaseExecutor.execute(TestCaseExecutor.java:369)
	at com.kms.katalon.core.main.TestCaseExecutor.execute(TestCaseExecutor.java:369)
	at com.kms.katalon.core.common.CommonExecutor.accessTestCaseMainPhase(CommonExecutor.java:65)
	at com.kms.katalon.core.main.TestSuiteExecutor.accessTestSuiteMainPhase(TestSuiteExecutor.java:150)
	at com.kms.katalon.core.main.TestSuiteExecutor.execute(TestSuiteExecutor.java:106)
	at com.kms.katalon.core.main.TestCaseMain.startTestSuite(TestCaseMain.java:180)
	at TempTestSuite1716903746937.run(TempTestSuite1716903746937.groovy:35)
	at java.base/jdk.internal.reflect.NativeMethodAccessorImpl.invoke0(Native Method)
	at java.base/jdk.internal.reflect.NativeMethodAccessorImpl.invoke(NativeMethodAccessorImpl.java:77)
	at java.base/jdk.internal.reflect.DelegatingMethodAccessorImpl.invoke(DelegatingMethodAccessorImpl.java:43)
Caused by: com.kms.katalon.core.exception.StepFailedException: No alert found
	at com.kms.katalon.core.webui.keyword.internal.WebUIKeywordMain.stepFailed(WebUIKeywordMain.groovy:64)
	at com.kms.katalon.core.webui.keyword.builtin.AcceptAlertKeyword$_acceptAlert_closure1.doCall(AcceptAlertKeyword.groovy:78)
	at com.kms.katalon.core.webui.keyword.builtin.AcceptAlertKeyword$_acceptAlert_closure1.call(AcceptAlertKeyword.groovy)
	at com.kms.katalon.core.webui.keyword.internal.WebUIKeywordMain.runKeyword(WebUIKeywordMain.groovy:20)
	... 23 more
)
[[ATTACHMENT|C:\\Users\\PC\\git\\katalon-first-project\\Reports\\20240528_204225\\KBB\\all-kbb\\20240528_204226\\1716904224716.png]]]]></system-out>
         <system-err><![CDATA[28-05-2024T20:50:13 - [TEST_CASE][FAILED] - Test Cases/KBB/test_menu_2: Test Cases/KBB/test_menu_2 FAILED.
Reason:
com.kms.katalon.core.exception.StepFailedException: Unable to accept alert
	at com.kms.katalon.core.webui.keyword.internal.WebUIKeywordMain.stepFailed(WebUIKeywordMain.groovy:64)
	at com.kms.katalon.core.webui.keyword.internal.WebUIKeywordMain.runKeyword(WebUIKeywordMain.groovy:26)
	at com.kms.katalon.core.webui.keyword.builtin.AcceptAlertKeyword.acceptAlert(AcceptAlertKeyword.groovy:71)
	at com.kms.katalon.core.webui.keyword.builtin.AcceptAlertKeyword.execute(AcceptAlertKeyword.groovy:66)
	at com.kms.katalon.core.keyword.internal.KeywordExecutor.executeKeywordForPlatform(KeywordExecutor.groovy:74)
	at com.kms.katalon.core.webui.keyword.WebUiBuiltInKeywords.acceptAlert(WebUiBuiltInKeywords.groovy:1561)
	at test_menu_2.run(test_menu_2:26)
	at com.kms.katalon.core.main.ScriptEngine.run(ScriptEngine.java:194)
	at com.kms.katalon.core.main.ScriptEngine.runScriptAsRawText(ScriptEngine.java:119)
	at com.kms.katalon.core.main.TestCaseExecutor.runScript(TestCaseExecutor.java:448)
	at com.kms.katalon.core.main.TestCaseExecutor.doExecute(TestCaseExecutor.java:439)
	at com.kms.katalon.core.main.TestCaseExecutor.processExecutionPhase(TestCaseExecutor.java:418)
	at com.kms.katalon.core.main.TestCaseExecutor.accessMainPhase(TestCaseExecutor.java:410)
	at com.kms.katalon.core.main.TestCaseExecutor.execute(TestCaseExecutor.java:285)
	at com.kms.katalon.core.main.TestCaseExecutor.execute(TestCaseExecutor.java:369)
	at com.kms.katalon.core.main.TestCaseExecutor.execute(TestCaseExecutor.java:369)
	at com.kms.katalon.core.main.TestCaseExecutor.execute(TestCaseExecutor.java:369)
	at com.kms.katalon.core.common.CommonExecutor.accessTestCaseMainPhase(CommonExecutor.java:65)
	at com.kms.katalon.core.main.TestSuiteExecutor.accessTestSuiteMainPhase(TestSuiteExecutor.java:150)
	at com.kms.katalon.core.main.TestSuiteExecutor.execute(TestSuiteExecutor.java:106)
	at com.kms.katalon.core.main.TestCaseMain.startTestSuite(TestCaseMain.java:180)
	at TempTestSuite1716903746937.run(TempTestSuite1716903746937.groovy:35)
	at java.base/jdk.internal.reflect.NativeMethodAccessorImpl.invoke0(Native Method)
	at java.base/jdk.internal.reflect.NativeMethodAccessorImpl.invoke(NativeMethodAccessorImpl.java:77)
	at java.base/jdk.internal.reflect.DelegatingMethodAccessorImpl.invoke(DelegatingMethodAccessorImpl.java:43)
Caused by: com.kms.katalon.core.exception.StepFailedException: No alert found
	at com.kms.katalon.core.webui.keyword.internal.WebUIKeywordMain.stepFailed(WebUIKeywordMain.groovy:64)
	at com.kms.katalon.core.webui.keyword.builtin.AcceptAlertKeyword$_acceptAlert_closure1.doCall(AcceptAlertKeyword.groovy:78)
	at com.kms.katalon.core.webui.keyword.builtin.AcceptAlertKeyword$_acceptAlert_closure1.call(AcceptAlertKeyword.groovy)
	at com.kms.katalon.core.webui.keyword.internal.WebUIKeywordMain.runKeyword(WebUIKeywordMain.groovy:20)
	... 23 more]]></system-err>
      </testcase>
      <testcase name="Test Cases/KBB/test_title_text" time="15.138" classname="Test Cases/KBB/test_title_text" status="PASSED">
         <system-out><![CDATA[28-05-2024T20:50:24 - [TEST_CASE][PASSED] - Test Cases/KBB/test_title_text: Test Cases/KBB/test_title_text

28-05-2024T20:50:24 - [TEST_STEP][PASSED] - openBrowser(""): Browser is opened with url: ''

28-05-2024T20:50:24 - [MESSAGE][WARNING] - A browser is already opened. Closing browser and opening a new one

28-05-2024T20:50:25 - [MESSAGE][INFO] - Starting 'Chrome' driver

28-05-2024T20:50:25 - [MESSAGE][INFO] - Action delay is set to 0 milliseconds

28-05-2024T20:50:25 - [MESSAGE][PASSED] - Browser is opened with url: ''

28-05-2024T20:50:25 - [TEST_STEP][PASSED] - navigateToUrl("https://www.kbb.com/"): Navigate to 'https://www.kbb.com/' successfully

28-05-2024T20:50:34 - [MESSAGE][PASSED] - Navigate to 'https://www.kbb.com/' successfully

28-05-2024T20:50:34 - [TEST_STEP][PASSED] - verifyElementText(findTestObject("Object Repository/KBB/Page_Kelley Blue Book  New and Used Car Pri_e90311/div_Sign In-fe7-68a-fe4"), "Sign In"): Actual text and expected text of test object 'Object Repository/KBB/Page_Kelley Blue Book  New and Used Car Pri_e90311/div_Sign In-fe7-68a-fe4' are matched.

28-05-2024T20:50:35 - [MESSAGE][WARNING] - [SELF-HEALING] Failed to find element with id 'Object Repository/KBB/Page_Kelley Blue Book  New and Used Car Pri_e90311/div_Sign In-fe7-68a-fe4'. Try using Self-healing.

28-05-2024T20:50:36 - [MESSAGE][WARNING] - Timeout '0' is invalid. Using default page load timeout: '30'

28-05-2024T20:50:37 - [MESSAGE][WARNING] - [SELF-HEALING] javascript error: {"status":12,"value":"Failed to execute 'querySelectorAll' on 'DocumentFragment': 'nav.nav__main.flex.flex-col.items-end.text-argo-clrs-primarywhite.font-open-sans.h-[64px].w-[77px].xl:w-[129px].mr-[8px].xl:mr-[0px].false > button.menu-toggle.h-full.w-full.font-open-sans.text-center.self-center.justify-center.bg-transparent.py-[20px].px-[12px].xl:px-[0px].xl:py-[0px].logged-out-menu > div.flex.h-full.w-full.items-center.justify-start > div.text-white.argo-typographyXSMedium.self-center.w-[53px].xl:pl-[24px].xl:py-[24px].false' is not a valid selector."}
  (Session info: chrome=125.0.6422.78)
Build info: version: '3.141.59', revision: 'e82be7d358', time: '2018-11-14T08:25:53'
System info: host: 'DESKTOP-EVNNDTO', ip: '192.168.1.156', os.name: 'Windows 11', os.arch: 'amd64', os.version: '10.0', java.version: '17.0.7'
Driver info: com.kms.katalon.selenium.driver.CChromeDriver
Capabilities {acceptInsecureCerts: false, browserName: chrome, browserVersion: 125.0.6422.78, chrome: {chromedriverVersion: 125.0.6422.78 (14db42ec38ad..., userDataDir: C:\Users\PC\AppData\Local\T...}, fedcm:accounts: true, goog:chromeOptions: {debuggerAddress: localhost:57810}, javascriptEnabled: true, networkConnectionEnabled: false, pageLoadStrategy: normal, platform: WINDOWS, platformName: WINDOWS, proxy: Proxy(), setWindowRect: true, strictFileInteractability: false, timeouts: {implicit: 0, pageLoad: 300000, script: 30000}, unhandledPromptBehavior: dismiss and notify, webauthn:extension:credBlob: true, webauthn:extension:largeBlob: true, webauthn:extension:minPinLength: true, webauthn:extension:prf: true, webauthn:virtualAuthenticators: true}
Session ID: e72445821000c511fd8b3ba3134e03f5

28-05-2024T20:50:37 - [MESSAGE][INFO] - [SELF-HEALING] Screenshot: C:/Users/PC/git/katalon-first-project/Reports/Self-healing/Object Repository/KBB/Page_Kelley Blue Book  New and Used Car Pri_e90311/div_Sign In-fe7-68a-fe4_SMART_LOCATOR.png

28-05-2024T20:50:37 - [MESSAGE][WARNING] - [SELF-HEALING] The current locator of test object 'Object Repository/KBB/Page_Kelley Blue Book  New and Used Car Pri_e90311/div_Sign In-fe7-68a-fe4' was broken. Propose an alternative one: 'internal:label="Open menu"i'.

28-05-2024T20:50:37 - [MESSAGE][PASSED] - Actual text and expected text of test object 'Object Repository/KBB/Page_Kelley Blue Book  New and Used Car Pri_e90311/div_Sign In-fe7-68a-fe4' are matched.

28-05-2024T20:50:37 - [TEST_STEP][PASSED] - click(findTestObject("Object Repository/KBB/Page_Kelley Blue Book  New and Used Car Pri_e90311/div_Sign In-fe7-68a-fe4")): Object: 'Object Repository/KBB/Page_Kelley Blue Book  New and Used Car Pri_e90311/div_Sign In-fe7-68a-fe4' is clicked on

28-05-2024T20:50:37 - [MESSAGE][WARNING] - [SELF-HEALING] Failed to find element with id 'Object Repository/KBB/Page_Kelley Blue Book  New and Used Car Pri_e90311/div_Sign In-fe7-68a-fe4'. Try using Self-healing.

28-05-2024T20:50:38 - [MESSAGE][WARNING] - Timeout '0' is invalid. Using default page load timeout: '30'

28-05-2024T20:50:39 - [MESSAGE][WARNING] - [SELF-HEALING] javascript error: {"status":12,"value":"Failed to execute 'querySelectorAll' on 'DocumentFragment': 'nav.nav__main.flex.flex-col.items-end.text-argo-clrs-primarywhite.font-open-sans.h-[64px].w-[77px].xl:w-[129px].mr-[8px].xl:mr-[0px].false > button.menu-toggle.h-full.w-full.font-open-sans.text-center.self-center.justify-center.bg-transparent.py-[20px].px-[12px].xl:px-[0px].xl:py-[0px].logged-out-menu > div.flex.h-full.w-full.items-center.justify-start > div.text-white.argo-typographyXSMedium.self-center.w-[53px].xl:pl-[24px].xl:py-[24px].false' is not a valid selector."}
  (Session info: chrome=125.0.6422.78)
Build info: version: '3.141.59', revision: 'e82be7d358', time: '2018-11-14T08:25:53'
System info: host: 'DESKTOP-EVNNDTO', ip: '192.168.1.156', os.name: 'Windows 11', os.arch: 'amd64', os.version: '10.0', java.version: '17.0.7'
Driver info: com.kms.katalon.selenium.driver.CChromeDriver
Capabilities {acceptInsecureCerts: false, browserName: chrome, browserVersion: 125.0.6422.78, chrome: {chromedriverVersion: 125.0.6422.78 (14db42ec38ad..., userDataDir: C:\Users\PC\AppData\Local\T...}, fedcm:accounts: true, goog:chromeOptions: {debuggerAddress: localhost:57810}, javascriptEnabled: true, networkConnectionEnabled: false, pageLoadStrategy: normal, platform: WINDOWS, platformName: WINDOWS, proxy: Proxy(), setWindowRect: true, strictFileInteractability: false, timeouts: {implicit: 0, pageLoad: 300000, script: 30000}, unhandledPromptBehavior: dismiss and notify, webauthn:extension:credBlob: true, webauthn:extension:largeBlob: true, webauthn:extension:minPinLength: true, webauthn:extension:prf: true, webauthn:virtualAuthenticators: true}
Session ID: e72445821000c511fd8b3ba3134e03f5

28-05-2024T20:50:39 - [MESSAGE][INFO] - [SELF-HEALING] Screenshot: C:/Users/PC/git/katalon-first-project/Reports/Self-healing/Object Repository/KBB/Page_Kelley Blue Book  New and Used Car Pri_e90311/div_Sign In-fe7-68a-fe4_SMART_LOCATOR.png

28-05-2024T20:50:39 - [MESSAGE][WARNING] - [SELF-HEALING] The current locator of test object 'Object Repository/KBB/Page_Kelley Blue Book  New and Used Car Pri_e90311/div_Sign In-fe7-68a-fe4' was broken. Propose an alternative one: 'internal:label="Open menu"i'.

28-05-2024T20:50:39 - [MESSAGE][PASSED] - Object: 'Object Repository/KBB/Page_Kelley Blue Book  New and Used Car Pri_e90311/div_Sign In-fe7-68a-fe4' is clicked on

28-05-2024T20:50:39 - [TEST_STEP][PASSED] - closeBrowser(): Browser is closed

28-05-2024T20:50:40 - [MESSAGE][PASSED] - Browser is closed]]></system-out>
         <system-err><![CDATA[]]></system-err>
      </testcase>
      <system-out><![CDATA[28-05-2024T20:42:32 - [TEST_SUITE][FAILED] - all-kbb: Test Cases/KBB/test_click-button-1 FAILED.
Reason:
com.kms.katalon.core.exception.StepFailedException: Verify element text of test object 'Object Repository/KBB/Page_Kelley Blue Book  New and Used Car Pri_e90311/h2_New Cars by Make' FAILED.
	at com.kms.katalon.core.webui.keyword.internal.WebUIKeywordMain.stepFailed(WebUIKeywordMain.groovy:64)
	at com.kms.katalon.core.webui.keyword.internal.WebUIKeywordMain.runKeyword(WebUIKeywordMain.groovy:26)
	at com.kms.katalon.core.webui.keyword.builtin.VerifyElementTextKeyword.verifyElementText(VerifyElementTextKeyword.groovy:72)
	at com.kms.katalon.core.webui.keyword.builtin.VerifyElementTextKeyword.execute(VerifyElementTextKeyword.groovy:40)
	at com.kms.katalon.core.keyword.internal.KeywordExecutor.executeKeywordForPlatform(KeywordExecutor.groovy:74)
	at com.kms.katalon.core.webui.keyword.WebUiBuiltInKeywords.verifyElementText(WebUiBuiltInKeywords.groovy:4835)
	at test_click-button-1.run(test_click-button-1:24)
	at com.kms.katalon.core.main.ScriptEngine.run(ScriptEngine.java:194)
	at com.kms.katalon.core.main.ScriptEngine.runScriptAsRawText(ScriptEngine.java:119)
	at com.kms.katalon.core.main.TestCaseExecutor.runScript(TestCaseExecutor.java:448)
	at com.kms.katalon.core.main.TestCaseExecutor.doExecute(TestCaseExecutor.java:439)
	at com.kms.katalon.core.main.TestCaseExecutor.processExecutionPhase(TestCaseExecutor.java:418)
	at com.kms.katalon.core.main.TestCaseExecutor.accessMainPhase(TestCaseExecutor.java:410)
	at com.kms.katalon.core.main.TestCaseExecutor.execute(TestCaseExecutor.java:285)
	at com.kms.katalon.core.common.CommonExecutor.accessTestCaseMainPhase(CommonExecutor.java:65)
	at com.kms.katalon.core.main.TestSuiteExecutor.accessTestSuiteMainPhase(TestSuiteExecutor.java:150)
	at com.kms.katalon.core.main.TestSuiteExecutor.execute(TestSuiteExecutor.java:106)
	at com.kms.katalon.core.main.TestCaseMain.startTestSuite(TestCaseMain.java:180)
	at TempTestSuite1716903746937.run(TempTestSuite1716903746937.groovy:35)
	at java.base/jdk.internal.reflect.NativeMethodAccessorImpl.invoke0(Native Method)
	at java.base/jdk.internal.reflect.NativeMethodAccessorImpl.invoke(NativeMethodAccessorImpl.java:77)
	at java.base/jdk.internal.reflect.DelegatingMethodAccessorImpl.invoke(DelegatingMethodAccessorImpl.java:43)
Caused by: com.kms.katalon.core.exception.StepFailedException: com.kms.katalon.core.webui.exception.WebElementNotFoundException: Web element with id: 'Object Repository/KBB/Page_Kelley Blue Book  New and Used Car Pri_e90311/h2_New Cars by Make' located by '//main[@id='content']/div[4]/div/div/div/div/h2' not found
	at com.kms.katalon.core.webui.keyword.internal.WebUIKeywordMain.stepFailed(WebUIKeywordMain.groovy:64)
	at com.kms.katalon.core.webui.keyword.builtin.VerifyElementTextKeyword$_verifyElementText_closure1.doCall(VerifyElementTextKeyword.groovy:64)
	at com.kms.katalon.core.webui.keyword.builtin.VerifyElementTextKeyword$_verifyElementText_closure1.call(VerifyElementTextKeyword.groovy)
	at com.kms.katalon.core.webui.keyword.internal.WebUIKeywordMain.runKeyword(WebUIKeywordMain.groovy:20)
	... 20 more]]></system-out>
      <system-err><![CDATA[28-05-2024T20:42:32 - [TEST_SUITE][FAILED] - all-kbb: Test Cases/KBB/test_click-button-1 FAILED.
Reason:
com.kms.katalon.core.exception.StepFailedException: Verify element text of test object 'Object Repository/KBB/Page_Kelley Blue Book  New and Used Car Pri_e90311/h2_New Cars by Make' FAILED.
	at com.kms.katalon.core.webui.keyword.internal.WebUIKeywordMain.stepFailed(WebUIKeywordMain.groovy:64)
	at com.kms.katalon.core.webui.keyword.internal.WebUIKeywordMain.runKeyword(WebUIKeywordMain.groovy:26)
	at com.kms.katalon.core.webui.keyword.builtin.VerifyElementTextKeyword.verifyElementText(VerifyElementTextKeyword.groovy:72)
	at com.kms.katalon.core.webui.keyword.builtin.VerifyElementTextKeyword.execute(VerifyElementTextKeyword.groovy:40)
	at com.kms.katalon.core.keyword.internal.KeywordExecutor.executeKeywordForPlatform(KeywordExecutor.groovy:74)
	at com.kms.katalon.core.webui.keyword.WebUiBuiltInKeywords.verifyElementText(WebUiBuiltInKeywords.groovy:4835)
	at test_click-button-1.run(test_click-button-1:24)
	at com.kms.katalon.core.main.ScriptEngine.run(ScriptEngine.java:194)
	at com.kms.katalon.core.main.ScriptEngine.runScriptAsRawText(ScriptEngine.java:119)
	at com.kms.katalon.core.main.TestCaseExecutor.runScript(TestCaseExecutor.java:448)
	at com.kms.katalon.core.main.TestCaseExecutor.doExecute(TestCaseExecutor.java:439)
	at com.kms.katalon.core.main.TestCaseExecutor.processExecutionPhase(TestCaseExecutor.java:418)
	at com.kms.katalon.core.main.TestCaseExecutor.accessMainPhase(TestCaseExecutor.java:410)
	at com.kms.katalon.core.main.TestCaseExecutor.execute(TestCaseExecutor.java:285)
	at com.kms.katalon.core.common.CommonExecutor.accessTestCaseMainPhase(CommonExecutor.java:65)
	at com.kms.katalon.core.main.TestSuiteExecutor.accessTestSuiteMainPhase(TestSuiteExecutor.java:150)
	at com.kms.katalon.core.main.TestSuiteExecutor.execute(TestSuiteExecutor.java:106)
	at com.kms.katalon.core.main.TestCaseMain.startTestSuite(TestCaseMain.java:180)
	at TempTestSuite1716903746937.run(TempTestSuite1716903746937.groovy:35)
	at java.base/jdk.internal.reflect.NativeMethodAccessorImpl.invoke0(Native Method)
	at java.base/jdk.internal.reflect.NativeMethodAccessorImpl.invoke(NativeMethodAccessorImpl.java:77)
	at java.base/jdk.internal.reflect.DelegatingMethodAccessorImpl.invoke(DelegatingMethodAccessorImpl.java:43)
Caused by: com.kms.katalon.core.exception.StepFailedException: com.kms.katalon.core.webui.exception.WebElementNotFoundException: Web element with id: 'Object Repository/KBB/Page_Kelley Blue Book  New and Used Car Pri_e90311/h2_New Cars by Make' located by '//main[@id='content']/div[4]/div/div/div/div/h2' not found
	at com.kms.katalon.core.webui.keyword.internal.WebUIKeywordMain.stepFailed(WebUIKeywordMain.groovy:64)
	at com.kms.katalon.core.webui.keyword.builtin.VerifyElementTextKeyword$_verifyElementText_closure1.doCall(VerifyElementTextKeyword.groovy:64)
	at com.kms.katalon.core.webui.keyword.builtin.VerifyElementTextKeyword$_verifyElementText_closure1.call(VerifyElementTextKeyword.groovy)
	at com.kms.katalon.core.webui.keyword.internal.WebUIKeywordMain.runKeyword(WebUIKeywordMain.groovy:20)
	... 20 more]]></system-err>
   </testsuite>
</testsuites>
